[2026-07-09 13:31:29] Working dir: /home/runner/work/PMalert/PMalert
[2026-07-09 13:31:29] Fetching stations via getStations…
[2026-07-09 13:31:46] Fetching status for 1754 stations (concurrency=20)…
[2026-07-09 13:32:20] Fetching load for 1754 stations (concurrency=20)…
[2026-07-09 13:32:54] Wrote /home/runner/work/PMalert/PMalert/alerts_unreachable_gt48.json with 155 alert(s)
[2026-07-09 13:32:54] Wrote /home/runner/work/PMalert/PMalert/unreachable_event_counts.csv with 1,754 rows
[2026-07-09 13:32:54] Wrote /home/runner/work/PMalert/PMalert/unreachable_new.csv with 193 rows
[2026-07-09 13:32:54] Wrote /home/runner/work/PMalert/PMalert/pm_new.csv with 0 rows
[2026-07-09 13:32:54] Wrote /home/runner/work/PMalert/PMalert/status_latest_slim.csv with 1,609 rows
[2026-07-13 13:26:28] Working dir: /home/runner/work/PMalert/PMalert
[2026-07-13 13:26:28] Fetching stations via getStations…
[2026-07-13 13:26:40] Fetching status for 1755 stations (concurrency=20)…
[2026-07-13 13:27:07] Fetching load for 1755 stations (concurrency=20)…
[2026-07-13 13:27:31] Wrote /home/runner/work/PMalert/PMalert/alerts_unreachable_gt48.json with 195 alert(s)
[2026-07-13 13:27:31] Wrote /home/runner/work/PMalert/PMalert/unreachable_event_counts.csv with 1,755 rows
[2026-07-13 13:27:31] Wrote /home/runner/work/PMalert/PMalert/unreachable_new.csv with 199 rows
[2026-07-13 13:27:31] Wrote /home/runner/work/PMalert/PMalert/pm_new.csv with 0 rows
[2026-07-13 13:27:31] Wrote /home/runner/work/PMalert/PMalert/status_latest_slim.csv with 1,610 rows
[2026-07-14 17:44:13] Working dir: /home/runner/work/PMalert/PMalert
[2026-07-14 17:44:13] Fetching stations via getStations…
[2026-07-14 17:44:24] Fetching status for 1755 stations (concurrency=20)…
[2026-07-14 17:44:49] Fetching load for 1755 stations (concurrency=20)…
[2026-07-14 17:45:13] Wrote /home/runner/work/PMalert/PMalert/alerts_unreachable_gt24.json with 200 alert(s)
[2026-07-14 17:45:13] Wrote /home/runner/work/PMalert/PMalert/unreachable_event_counts.csv with 1,755 rows
[2026-07-14 17:45:13] Wrote /home/runner/work/PMalert/PMalert/unreachable_new.csv — 202 distinct Level 2 chargers unreachable so far this week (2026-W29)
[2026-07-14 17:45:13] Wrote /home/runner/work/PMalert/PMalert/pm_new.csv — 0 distinct Level 3 power module faults so far this week (2026-W29)
[2026-07-14 17:45:13] Wrote /home/runner/work/PMalert/PMalert/status_latest_slim.csv with 1,610 rows
[2026-07-15 01:43:18] Working dir: /home/runner/work/PMalert/PMalert
[2026-07-15 01:43:18] Fetching stations via getStations…
[2026-07-15 01:43:29] Fetching status for 1755 stations (concurrency=20)…
[2026-07-15 01:43:55] Fetching load for 1755 stations (concurrency=20)…
[2026-07-15 01:44:20] Wrote /home/runner/work/PMalert/PMalert/alerts_unreachable_gt24.json with 182 alert(s)
[2026-07-15 01:44:20] Wrote /home/runner/work/PMalert/PMalert/unreachable_event_counts.csv with 1,755 rows
[2026-07-15 01:44:20] Wrote /home/runner/work/PMalert/PMalert/unreachable_new.csv — 224 distinct Level 2 chargers unreachable so far this week (2026-W29)
[2026-07-15 01:44:20] Wrote /home/runner/work/PMalert/PMalert/pm_new.csv — 0 distinct Level 3 power module faults so far this week (2026-W29)
[2026-07-15 01:44:20] Wrote /home/runner/work/PMalert/PMalert/status_latest_slim.csv with 1,610 rows
[2026-07-15 07:53:46] Working dir: /home/runner/work/PMalert/PMalert
[2026-07-15 07:53:46] Fetching stations via getStations…
[2026-07-15 07:53:57] Fetching status for 1755 stations (concurrency=20)…
[2026-07-15 07:54:25] Fetching load for 1755 stations (concurrency=20)…
[2026-07-15 07:54:49] Wrote /home/runner/work/PMalert/PMalert/alerts_unreachable_gt24.json with 183 alert(s)
[2026-07-15 07:54:49] Wrote /home/runner/work/PMalert/PMalert/unreachable_event_counts.csv with 1,755 rows
[2026-07-15 07:54:49] Wrote /home/runner/work/PMalert/PMalert/unreachable_new.csv — 233 distinct Level 2 chargers unreachable so far this week (2026-W29)
[2026-07-15 07:54:49] Wrote /home/runner/work/PMalert/PMalert/pm_new.csv — 0 distinct Level 3 power module faults so far this week (2026-W29)
[2026-07-15 07:54:49] Wrote /home/runner/work/PMalert/PMalert/status_latest_slim.csv with 1,610 rows
[2026-07-15 13:18:34] Working dir: /home/runner/work/PMalert/PMalert
[2026-07-15 13:18:34] Fetching stations via getStations…
[2026-07-15 13:18:45] Fetching status for 1755 stations (concurrency=20)…
[2026-07-15 13:19:12] Fetching load for 1755 stations (concurrency=20)…
[2026-07-15 13:19:37] Wrote /home/runner/work/PMalert/PMalert/alerts_unreachable_gt24.json with 182 alert(s)
[2026-07-15 13:19:37] Wrote /home/runner/work/PMalert/PMalert/unreachable_event_counts.csv with 1,755 rows
[2026-07-15 13:19:37] Wrote /home/runner/work/PMalert/PMalert/unreachable_new.csv — 243 distinct Level 2 chargers unreachable so far this week (2026-W29)
[2026-07-15 13:19:37] Wrote /home/runner/work/PMalert/PMalert/pm_new.csv — 0 distinct Level 3 power module faults so far this week (2026-W29)
[2026-07-15 13:19:37] Wrote /home/runner/work/PMalert/PMalert/status_latest_slim.csv with 1,610 rows
[2026-07-15 18:58:56] Working dir: /home/runner/work/PMalert/PMalert
[2026-07-15 18:58:56] Fetching stations via getStations…
[2026-07-15 18:59:08] Fetching status for 1756 stations (concurrency=20)…
[2026-07-15 18:59:33] Fetching load for 1756 stations (concurrency=20)…
[2026-07-15 18:59:53] Wrote /home/runner/work/PMalert/PMalert/alerts_unreachable_gt24.json with 174 alert(s)
[2026-07-15 18:59:53] Wrote /home/runner/work/PMalert/PMalert/unreachable_event_counts.csv with 1,756 rows
[2026-07-15 18:59:53] Wrote /home/runner/work/PMalert/PMalert/unreachable_new.csv — 256 distinct Level 2 chargers unreachable so far this week (2026-W29)
[2026-07-15 18:59:53] Wrote /home/runner/work/PMalert/PMalert/pm_new.csv — 0 distinct Level 3 power module faults so far this week (2026-W29)
[2026-07-15 18:59:53] Wrote /home/runner/work/PMalert/PMalert/status_latest_slim.csv with 1,611 rows
[2026-07-16 01:53:25] Working dir: /home/runner/work/PMalert/PMalert
[2026-07-16 01:53:25] Fetching stations via getStations…
[2026-07-16 01:53:36] Fetching status for 1756 stations (concurrency=20)…
[2026-07-16 01:54:00] Fetching load for 1756 stations (concurrency=20)…
[2026-07-16 01:54:23] Wrote /home/runner/work/PMalert/PMalert/alerts_unreachable_gt24.json with 168 alert(s)
[2026-07-16 01:54:23] Wrote /home/runner/work/PMalert/PMalert/unreachable_event_counts.csv with 1,756 rows
[2026-07-16 01:54:23] Wrote /home/runner/work/PMalert/PMalert/unreachable_new.csv — 276 distinct Level 2 chargers unreachable so far this week (2026-W29)
[2026-07-16 01:54:23] Wrote /home/runner/work/PMalert/PMalert/pm_new.csv — 0 distinct Level 3 power module faults so far this week (2026-W29)
[2026-07-16 01:54:23] Wrote /home/runner/work/PMalert/PMalert/status_latest_slim.csv with 1,611 rows
[2026-07-16 07:59:33] Working dir: /home/runner/work/PMalert/PMalert
[2026-07-16 07:59:33] Fetching stations via getStations…
[2026-07-16 07:59:44] Fetching status for 1756 stations (concurrency=20)…
[2026-07-16 08:00:14] Fetching load for 1756 stations (concurrency=20)…
[2026-07-16 08:00:39] Wrote /home/runner/work/PMalert/PMalert/alerts_unreachable_gt24.json with 168 alert(s)
[2026-07-16 08:00:39] Wrote /home/runner/work/PMalert/PMalert/unreachable_event_counts.csv with 1,756 rows
[2026-07-16 08:00:39] Wrote /home/runner/work/PMalert/PMalert/unreachable_new.csv — 280 distinct Level 2 chargers unreachable so far this week (2026-W29)
[2026-07-16 08:00:39] Wrote /home/runner/work/PMalert/PMalert/pm_new.csv — 0 distinct Level 3 power module faults so far this week (2026-W29)
[2026-07-16 08:00:39] Wrote /home/runner/work/PMalert/PMalert/status_latest_slim.csv with 1,611 rows
[2026-07-16 13:26:10] Working dir: /home/runner/work/PMalert/PMalert
[2026-07-16 13:26:10] Fetching stations via getStations…
[2026-07-16 13:26:21] Fetching status for 1756 stations (concurrency=20)…
[2026-07-16 13:26:45] Fetching load for 1756 stations (concurrency=20)…
[2026-07-16 13:27:05] Wrote /home/runner/work/PMalert/PMalert/alerts_unreachable_gt24.json with 168 alert(s)
[2026-07-16 13:27:05] Wrote /home/runner/work/PMalert/PMalert/unreachable_event_counts.csv with 1,756 rows
[2026-07-16 13:27:05] Wrote /home/runner/work/PMalert/PMalert/unreachable_new.csv — 285 distinct Level 2 chargers unreachable so far this week (2026-W29)
[2026-07-16 13:27:05] Wrote /home/runner/work/PMalert/PMalert/pm_new.csv — 0 distinct Level 3 power module faults so far this week (2026-W29)
[2026-07-16 13:27:05] Wrote /home/runner/work/PMalert/PMalert/status_latest_slim.csv with 1,611 rows
[2026-07-16 18:59:08] Working dir: /home/runner/work/PMalert/PMalert
[2026-07-16 18:59:08] Fetching stations via getStations…
[2026-07-16 18:59:20] Fetching status for 1756 stations (concurrency=20)…
[2026-07-16 18:59:50] Fetching load for 1756 stations (concurrency=20)…
[2026-07-16 19:00:31] Wrote /home/runner/work/PMalert/PMalert/alerts_unreachable_gt24.json with 170 alert(s)
[2026-07-16 19:00:31] Wrote /home/runner/work/PMalert/PMalert/unreachable_event_counts.csv with 1,756 rows
[2026-07-16 19:00:31] Wrote /home/runner/work/PMalert/PMalert/unreachable_new.csv — 290 distinct Level 2 chargers unreachable so far this week (2026-W29)
[2026-07-16 19:00:31] Wrote /home/runner/work/PMalert/PMalert/pm_new.csv — 0 distinct Level 3 power module faults so far this week (2026-W29)
[2026-07-16 19:00:31] Wrote /home/runner/work/PMalert/PMalert/status_latest_slim.csv with 1,611 rows
